Workflow Validation Report 
Date: 2023-06-19 12:31:37.299663

==================================================

Step 1: Local environment 
Starting execution of Step 1...
Step 1: Local environment successfully configured 

Step 2: Download data 
Starting data download... 
Step 2: Data download operation completed! 

Step 3: Pull docker 
Starting pulling the docker ... 
Step 3: Docker image is up to date! 

Step 4: Final Message 
Workflow executed successfully! 

==================================================

"FileOutput": {

        "location": "file:///home/anwar/projects/validate_workflow/first_pipeline_pull/output.txt",
        "basename": "output.txt",
        "class": "File",
        "checksum": "sha1$a9569a7a52817333a0331af387c4605e7b17d026",
        "size": 12983,
        "path": "/home/anwar/projects/validate_workflow/first_pipeline_pull/output.txt"
    }